


materialPath: X:\Steam\steamapps\sourcemods\hidden\materials
Loading x:\steam\steamapps\sourcemods\hidden\maps\vmf\hdn_neon_x_01_1.vmf
fixing up env_cubemap materials on brush sides...
0...1...2...3...4...5...6...7...8...9...100...1...2...3...4...5...6...7...8...9...10Processing areas...done (0)
Building Faces...done (0)
Chop Details...done (0)
Find Visible Detail Sides...
Merged 66 detail faces...done (0)
Merging details...done (0)
FixTjuncs...
PruneNodes...
WriteBSP...
done (0)
writing x:\steam\steamapps\sourcemods\hidden\maps\vmf\hdn_neon_x_01_1.prt...done (0)
Creating default cubemaps for env_cubemap using skybox materials:
skybox/sky_day01_01*.vmt
Run buildcubemaps in the engine to get the correct cube maps.

No such variable "$hdrbasetexture" for material "skybox/sky_day01_01rt"
Can't load skybox file skybox/sky_day01_01 to build the default cubemap!
Finding displacement neighbors...
Finding lightmap sample positions...
Displacement Alpha : 0...1...2...3...4...5...6...7...8...9...10
Building Physics collision data...
done (0) (227901 bytes)
Placing detail props : 0...1...2...3...4...5...6...7...8...9...10
Compacting texture/material tables...
Reduced 1264 texinfos to 755
Reduced 157 texdatas to 150 (7839 bytes to 7665)
Writing x:\steam\steamapps\sourcemods\hidden\maps\vmf\hdn_neon_x_01_1.bsp
0 seconds elapsed



8 threads
reading x:\steam\steamapps\sourcemods\hidden\maps\vmf\hdn_neon_x_01_1.bsp
reading x:\steam\steamapps\sourcemods\hidden\maps\vmf\hdn_neon_x_01_1.prt
 482 portalclusters
1419 numportals
0...1...2...3...4...5...6...7...8...9...100...1...2...3...4...5...6...7...8...9...10Optimized: 946 visible clusters (0.00%)
Total clusters visible: 153522
Average clusters visible: 318
Building PAS...
Average clusters audible: 481
visdatasize:61482  compressed from 61696
writing x:\steam\steamapps\sourcemods\hidden\maps\vmf\hdn_neon_x_01_1.bsp
7 seconds elapsed



[Reading texlights from 'lights.rad']
[18 texlights parsed from 'lights.rad']

Loading x:\steam\steamapps\sourcemods\hidden\maps\vmf\hdn_neon_x_01_1.bsp
3015 faces
258770 square feet [37263008.00 square inches]
0 displacements
0 square feet [0.00 square inches]
3015 patches before subdivision
27123 patches after subdivision
3848 direct lights
0...1...2...3...4...5...6...7...8...9...100...1...2...3...4...5...6...7...8...9...10transfers 5173511, max 1003
transfer lists:  39.5 megs
0...1...2...3...4...5...6...7...8...9...10	Bounce #1 added RGB(2162, 18309, 14594)
0...1...2...3...4...5...6...7...8...9...10	Bounce #2 added RGB(235, 1146, 675)
0...1...2...3...4...5...6...7...8...9...10	Bounce #3 added RGB(74, 158, 42)
0...1...2...3...4...5...6...7...8...9...10	Bounce #4 added RGB(32, 49, 3)
0...1...2...3...4...5...6...7...8...9...10	Bounce #5 added RGB(14, 23, 0)
0...1...2...3...4...5...6...7...8...9...10	Bounce #6 added RGB(7, 11, 0)
0...1...2...3...4...5...6...7...8...9...10	Bounce #7 added RGB(3, 6, 0)
0...1...2...3...4...5...6...7...8...9...10	Bounce #8 added RGB(1, 3, 0)
0...1...2...3...4...5...6...7...8...9...10	Bounce #9 added RGB(1, 2, 0)
0...1...2...3...4...5...6...7...8...9...10	Bounce #10 added RGB(0, 1, 0)
Build Patch/Sample Hash Table(s).....Done<0.0062 sec>
0...1...2...3...4...5...6...7...8...9...10FinalLightFace Done
3096 of 3842 (80% of) surface lights went in leaf ambient cubes.
ComputePerLeafAmbientLighting: 0...1...2...3...4...5...6...7...8...9...10
Ready to Finish

Object names       Objects/Maxobjs  Memory / Maxmem  Fullness 
------------       ---------------  ---------------  -------- 
models                  15/1024          720/49152    ( 1.5%) 
brushes                546/8192         6552/98304    ( 6.7%) 
brushsides            4815/65536       38520/524288   ( 7.3%) 
planes                3348/65536       66960/1310720  ( 5.1%) 
vertexes              6341/65536       76092/786432   ( 9.7%) 
nodes                  948/65536       30336/2097152  ( 1.4%) 
texinfos               755/12288       54360/884736   ( 6.1%) 
texdata                150/2048         4800/65536    ( 7.3%) 
dispinfos                0/0               0/0        ( 0.0%) 
disp_verts               0/0               0/0        ( 0.0%) 
disp_tris                0/0               0/0        ( 0.0%) 
disp_lmsamples           0/0               0/0        ( 0.0%) 
faces                 3015/65536      168840/3670016  ( 4.6%) 
hdr faces                0/65536           0/3670016  ( 0.0%) 
origfaces             2284/65536      127904/3670016  ( 3.5%) 
leaves                 964/65536       30848/2097152  ( 1.5%) 
leaffaces             3652/65536        7304/131072   ( 5.6%) 
leafbrushes            868/65536        1736/131072   ( 1.3%) 
areas                    2/256            16/2048     ( 0.8%) 
surfedges            24758/512000      99032/2048000  ( 4.8%) 
edges                14697/256000      58788/1024000  ( 5.7%) 
LDR worldlights       3848/8192       338624/720896   (47.0%) 
HDR worldlights          0/8192            0/720896   ( 0.0%) 
waterstrips            295/32768        2950/327680   ( 0.9%) 
waterverts               0/65536           0/786432   ( 0.0%) 
waterindices          5430/65536       10860/131072   ( 8.3%) 
cubemapsamples          50/1024          800/16384    ( 4.9%) 
overlays                24/512          8448/180224   ( 4.7%) 
LDR lightdata         [variable]     1421720/0        ( 0.0%) 
HDR lightdata         [variable]           0/0        ( 0.0%) 
visdata               [variable]       61482/16777216 ( 0.4%) 
entdata               [variable]       65085/393216   (16.6%) 
LDR leaf ambient       964/65536       23136/1572864  ( 1.5%) 
HDR leaf ambient         0/65536           0/1572864  ( 0.0%) 
occluders                0/0               0/0        ( 0.0%) 
occluder polygons        0/0               0/0        ( 0.0%) 
occluder vert ind        0/0               0/0        ( 0.0%) 
detail props          [variable]           1/12       ( 8.3%) 
static props          [variable]           1/12       ( 8.3%) 
pakfile               [variable]      551697/0        ( 0.0%) 

Level flags = 0

Win32 Specific Data:
physics               [variable]      227901/4194304  ( 5.4%) 
==== Total Win32 BSP file data space used: 3485513 bytes ====

Total triangle count: 9040
Writing x:\steam\steamapps\sourcemods\hidden\maps\vmf\hdn_neon_x_01_1.bsp
2 minutes, 20 seconds elapsed
